<?xml version="1.0" encoding="UTF-8"?>
<!-- Generated by org.testng.reporters.JUnitReportReporter -->
<testsuite hostname="DESKTOP-EGEH07G" failures="0" tests="1" name="com.bankguru.payment.tests.NewCustomerTest" time="25.434" errors="0" timestamp="26 Dec 2022 09:55:22 GMT" skipped="0">
  <testcase classname="com.bankguru.payment.tests.NewCustomerTest" name="NC1" time="25.434"/>
</testsuite> <!-- com.bankguru.payment.tests.NewCustomerTest -->
