<?xml version="1.0" encoding="UTF-8"?>
<!-- Generated by org.testng.reporters.JUnitReportReporter -->
<testsuite hostname="DESKTOP-EGEH07G" failures="0" tests="1" name="com.bankguru.qaautomation.tests.NewCustomerTest" time="34.136" errors="0" timestamp="26 Dec 2022 10:01:57 GMT" skipped="0">
  <testcase classname="com.bankguru.qaautomation.tests.NewCustomerTest" name="NC1" time="34.136"/>
</testsuite> <!-- com.bankguru.qaautomation.tests.NewCustomerTest -->
